
vagrant up
Bringing machine 'node1' up with 'virtualbox' provider...
Bringing machine 'node2' up with 'virtualbox' provider...
Bringing machine 'node3' up with 'virtualbox' provider...
==> node1: You assigned a static IP ending in ".1" to this machine.
==> node1: This is very often used by the router and can cause the
==> node1: network to not work properly. If the network doesn't work
==> node1: properly, try changing this IP.
==> node1: Importing base box 'ubuntu/trusty64'...
==> node1: Matching MAC address for NAT networking...
==> node1: You assigned a static IP ending in ".1" to this machine.
==> node1: This is very often used by the router and can cause the
==> node1: network to not work properly. If the network doesn't work
==> node1: properly, try changing this IP.
==> node1: Checking if box 'ubuntu/trusty64' version '20190429.0.1' is up to date...
==> node1: Setting the name of the VM: node1
==> node1: Clearing any previously set forwarded ports...
==> node1: Clearing any previously set network interfaces...
==> node1: Preparing network interfaces based on configuration...
    node1: Adapter 1: nat
    node1: Adapter 2: hostonly
==> node1: Forwarding ports...
    node1: 22 (guest) => 2222 (host) (adapter 1)
==> node1: Running 'pre-boot' VM customizations...
==> node1: Booting VM...
==> node1: Waiting for machine to boot. This may take a few minutes...
    node1: SSH address: 127.0.0.1:2222
    node1: SSH username: vagrant
    node1: SSH auth method: private key
    node1:
    node1: Vagrant insecure key detected. Vagrant will automatically replace
    node1: this with a newly generated keypair for better security.
    node1:
    node1: Inserting generated public key within guest...
    node1: Removing insecure key from the guest if it's present...
    node1: Key inserted! Disconnecting and reconnecting using new SSH key...
==> node1: Machine booted and ready!
==> node1: Checking for guest additions in VM...
    node1: The guest additions on this VM do not match the installed version of
    node1: VirtualBox! In most cases this is fine, but in rare cases it can
    node1: prevent things such as shared folders from working properly. If you see
    node1: shared folder errors, please make sure the guest additions within the
    node1: virtual machine match the version of VirtualBox you have installed on
    node1: your host and reload your VM.
    node1:
    node1: Guest Additions Version: 4.3.40
    node1: VirtualBox Version: 6.0
==> node1: Setting hostname...
==> node1: Configuring and enabling network interfaces...
==> node1: Mounting shared folders...
    node1: /vagrant => D:/vagrant_projects/vagrant_projects_00
    node1: /home/vagrant/share => D:/vagrant_projects/vagrant_projects_00/sharefolders/node1
==> node2: Importing base box 'ubuntu/trusty64'...
==> node2: Matching MAC address for NAT networking...
==> node2: Checking if box 'ubuntu/trusty64' version '20190429.0.1' is up to date...
==> node2: Setting the name of the VM: node2
==> node2: Clearing any previously set forwarded ports...
==> node2: Fixed port collision for 22 => 2222. Now on port 2200.
==> node2: Clearing any previously set network interfaces...
==> node2: Preparing network interfaces based on configuration...
    node2: Adapter 1: nat
    node2: Adapter 2: hostonly
==> node2: Forwarding ports...
    node2: 22 (guest) => 2200 (host) (adapter 1)
==> node2: Running 'pre-boot' VM customizations...
==> node2: Booting VM...
==> node2: Waiting for machine to boot. This may take a few minutes...
    node2: SSH address: 127.0.0.1:2200
    node2: SSH username: vagrant
    node2: SSH auth method: private key
    node2:
    node2: Vagrant insecure key detected. Vagrant will automatically replace
    node2: this with a newly generated keypair for better security.
    node2:
    node2: Inserting generated public key within guest...
    node2: Removing insecure key from the guest if it's present...
    node2: Key inserted! Disconnecting and reconnecting using new SSH key...
==> node2: Machine booted and ready!
==> node2: Checking for guest additions in VM...
    node2: The guest additions on this VM do not match the installed version of
    node2: VirtualBox! In most cases this is fine, but in rare cases it can
    node2: prevent things such as shared folders from working properly. If you see
    node2: shared folder errors, please make sure the guest additions within the
    node2: virtual machine match the version of VirtualBox you have installed on
    node2: your host and reload your VM.
    node2:
    node2: Guest Additions Version: 4.3.40
    node2: VirtualBox Version: 6.0
==> node2: Setting hostname...
==> node2: Configuring and enabling network interfaces...
==> node2: Mounting shared folders...
    node2: /vagrant => D:/vagrant_projects/vagrant_projects_00
    node2: /home/vagrant/share => D:/vagrant_projects/vagrant_projects_00/sharefolders/node2
==> node3: Importing base box 'ubuntu/trusty64'...
==> node3: Matching MAC address for NAT networking...
==> node3: Checking if box 'ubuntu/trusty64' version '20190429.0.1' is up to date...
==> node3: Setting the name of the VM: node3
==> node3: Clearing any previously set forwarded ports...
==> node3: Fixed port collision for 22 => 2222. Now on port 2201.
==> node3: Clearing any previously set network interfaces...
==> node3: Preparing network interfaces based on configuration...
    node3: Adapter 1: nat
    node3: Adapter 2: hostonly
==> node3: Forwarding ports...
    node3: 22 (guest) => 2201 (host) (adapter 1)
==> node3: Running 'pre-boot' VM customizations...
==> node3: Booting VM...
==> node3: Waiting for machine to boot. This may take a few minutes...
    node3: SSH address: 127.0.0.1:2201
    node3: SSH username: vagrant
    node3: SSH auth method: private key
    node3:
    node3: Vagrant insecure key detected. Vagrant will automatically replace
    node3: this with a newly generated keypair for better security.
    node3:
    node3: Inserting generated public key within guest...
    node3: Removing insecure key from the guest if it's present...
    node3: Key inserted! Disconnecting and reconnecting using new SSH key...
==> node3: Machine booted and ready!
==> node3: Checking for guest additions in VM...
    node3: The guest additions on this VM do not match the installed version of
    node3: VirtualBox! In most cases this is fine, but in rare cases it can
    node3: prevent things such as shared folders from working properly. If you see
    node3: shared folder errors, please make sure the guest additions within the
    node3: virtual machine match the version of VirtualBox you have installed on
    node3: your host and reload your VM.
    node3:
    node3: Guest Additions Version: 4.3.40
    node3: VirtualBox Version: 6.0
==> node3: Setting hostname...
==> node3: Configuring and enabling network interfaces...
==> node3: Mounting shared folders...
    node3: /vagrant => D:/vagrant_projects/vagrant_projects_00
    node3: /home/vagrant/share => D:/vagrant_projects/vagrant_projects_00/sharefolders/node3
